{
  "RSpec": {
    "coverage": {
      "/Users/Tom/code/toms_blog/app/helpers/application_helper.rb": [
        1,
        null
      ],
      "/Users/Tom/code/toms_blog/app/models/post.rb": [
        1,
        null
      ],
      "/Users/Tom/code/toms_blog/app/models/application_record.rb": [
        1,
        1,
        null
      ],
      "/Users/Tom/code/toms_blog/app/controllers/posts_controller.rb": [
        1,
        1,
        1,
        null,
        null,
        1,
        1,
        null,
        null,
        1,
        null,
        1,
        1,
        null,
        null,
        1,
        1,
        null,
        null
      ],
      "/Users/Tom/code/toms_blog/app/controllers/application_controller.rb": [
        1,
        1,
        null
      ]
    },
    "timestamp": 1468424643
  }
}
